<?xml version="1.0" encoding="UTF-8"?>
<testng-results ignored="0" total="1" passed="1" failed="0" skipped="0">
  <reporter-output>
  </reporter-output>
  <suite started-at="2020-10-10T16:27:36Z" name="Default suite" finished-at="2020-10-10T16:27:40Z" duration-ms="4560">
    <groups>
    </groups>
    <test started-at="2020-10-10T16:27:36Z" name="Default test" finished-at="2020-10-10T16:27:40Z" duration-ms="4560">
      <class name="loginTest.TC_03_logout">
        <test-method is-config="true" signature="starWebDriver()[pri:0, instance:loginTest.TC_03_logout@14a54ef6]" started-at="2020-10-10T11:27:36Z" name="starWebDriver" finished-at="2020-10-10T11:27:38Z" duration-ms="1689" status="PASS">
          <reporter-output>
          </reporter-output>
        </test-method> <!-- starWebDriver -->
        <test-method signature="TC_01()[pri:0, instance:loginTest.TC_03_logout@14a54ef6]" started-at="2020-10-10T11:27:38Z" name="TC_01" finished-at="2020-10-10T11:27:40Z" duration-ms="2638" status="PASS">
          <reporter-output>
          </reporter-output>
        </test-method> <!-- TC_01 -->
        <test-method is-config="true" signature="closeDriver()[pri:0, instance:loginTest.TC_03_logout@14a54ef6]" started-at="2020-10-10T11:27:40Z" name="closeDriver" finished-at="2020-10-10T11:27:40Z" duration-ms="185" status="PASS">
          <reporter-output>
          </reporter-output>
        </test-method> <!-- closeDriver -->
      </class> <!-- loginTest.TC_03_logout -->
    </test> <!-- Default test -->
  </suite> <!-- Default suite -->
</testng-results>
